c:\users\timadeus\documents\visual studio 2013\projects\cs256\cs256\release\vc120.pdb
c:\users\timadeus\documents\visual studio 2013\projects\cs256\cs256\release\welcome.obj
c:\users\timadeus\documents\visual studio 2013\projects\cs256\cs256\release\signup.obj
c:\users\timadeus\documents\visual studio 2013\projects\cs256\cs256\release\myform.obj
c:\users\timadeus\documents\visual studio 2013\projects\cs256\cs256\release\.netframework,version=v4.5.assemblyattributes.obj
c:\users\timadeus\documents\visual studio 2013\projects\cs256\cs256\release\cs256.myform.resources
c:\users\timadeus\documents\visual studio 2013\projects\cs256\cs256\release\cs256.signup.resources
c:\users\timadeus\documents\visual studio 2013\projects\cs256\cs256\release\cs256.welcome.resources
c:\users\timadeus\documents\visual studio 2013\projects\cs256\cs256\release\cs256.tlog\metagen.write.1.tlog
c:\users\timadeus\documents\visual studio 2013\projects\cs256\cs256\release\cs256.vcxproj.generateresource.cache
c:\users\timadeus\documents\visual studio 2013\projects\cs256\cs256\release\cs256.vcxprojresolveassemblyreference.cache
c:\users\timadeus\documents\visual studio 2013\projects\cs256\cs256\release\cs256.tlog\cl.command.1.tlog
c:\users\timadeus\documents\visual studio 2013\projects\cs256\cs256\release\cs256.tlog\cl.read.1.tlog
c:\users\timadeus\documents\visual studio 2013\projects\cs256\cs256\release\cs256.tlog\cl.write.1.tlog
c:\users\timadeus\documents\visual studio 2013\projects\cs256\cs256\release\cs256.tlog\cs256.write.1u.tlog
c:\users\timadeus\documents\visual studio 2013\projects\cs256\cs256\release\cs256.tlog\link.1892.read.1.tlog
c:\users\timadeus\documents\visual studio 2013\projects\cs256\cs256\release\cs256.tlog\link.1892.write.1.tlog
c:\users\timadeus\documents\visual studio 2013\projects\cs256\cs256\release\cs256.tlog\link.2812.read.1.tlog
c:\users\timadeus\documents\visual studio 2013\projects\cs256\cs256\release\cs256.tlog\link.2812.write.1.tlog
c:\users\timadeus\documents\visual studio 2013\projects\cs256\cs256\release\cs256.tlog\link.5000.read.1.tlog
c:\users\timadeus\documents\visual studio 2013\projects\cs256\cs256\release\cs256.tlog\link.5000.write.1.tlog
c:\users\timadeus\documents\visual studio 2013\projects\cs256\cs256\release\cs256.tlog\link.5012.read.1.tlog
c:\users\timadeus\documents\visual studio 2013\projects\cs256\cs256\release\cs256.tlog\link.5012.write.1.tlog
c:\users\timadeus\documents\visual studio 2013\projects\cs256\cs256\release\cs256.tlog\link.6996.read.1.tlog
c:\users\timadeus\documents\visual studio 2013\projects\cs256\cs256\release\cs256.tlog\link.6996.write.1.tlog
c:\users\timadeus\documents\visual studio 2013\projects\cs256\cs256\release\cs256.tlog\link.7172.read.1.tlog
c:\users\timadeus\documents\visual studio 2013\projects\cs256\cs256\release\cs256.tlog\link.7172.write.1.tlog
c:\users\timadeus\documents\visual studio 2013\projects\cs256\cs256\release\cs256.tlog\link.8320.read.1.tlog
c:\users\timadeus\documents\visual studio 2013\projects\cs256\cs256\release\cs256.tlog\link.8320.write.1.tlog
c:\users\timadeus\documents\visual studio 2013\projects\cs256\cs256\release\cs256.tlog\link.8788.read.1.tlog
c:\users\timadeus\documents\visual studio 2013\projects\cs256\cs256\release\cs256.tlog\link.8788.write.1.tlog
c:\users\timadeus\documents\visual studio 2013\projects\cs256\cs256\release\cs256.tlog\link.8888.read.1.tlog
c:\users\timadeus\documents\visual studio 2013\projects\cs256\cs256\release\cs256.tlog\link.8888.write.1.tlog
c:\users\timadeus\documents\visual studio 2013\projects\cs256\cs256\release\cs256.tlog\link.command.1.tlog
c:\users\timadeus\documents\visual studio 2013\projects\cs256\cs256\release\cs256.tlog\link.read.1.tlog
c:\users\timadeus\documents\visual studio 2013\projects\cs256\cs256\release\cs256.tlog\link.write.1.tlog
c:\users\timadeus\documents\visual studio 2013\projects\cs256\cs256\release\cs256.tlog\metagen.read.1.tlog
c:\users\timadeus\documents\visual studio 2013\projects\cs256\cs256\release\cs256.tlog\mysql.data.dll.metagen
c:\users\timadeus\documents\visual studio 2013\projects\cs256\cs256\release\cs256.tlog\tzres.dll.bi
