c:\users\timadeus\documents\visual studio 2013\projects\cs256\cs256\debug\vc120.pdb
c:\users\timadeus\documents\visual studio 2013\projects\cs256\cs256\debug\welcome.obj
c:\users\timadeus\documents\visual studio 2013\projects\cs256\cs256\debug\signup.obj
c:\users\timadeus\documents\visual studio 2013\projects\cs256\cs256\debug\cs256.myform.resources
c:\users\timadeus\documents\visual studio 2013\projects\cs256\cs256\debug\cs256.signup.resources
c:\users\timadeus\documents\visual studio 2013\projects\cs256\cs256\debug\cs256.welcome.resources
c:\users\timadeus\documents\visual studio 2013\projects\cs256\cs256\debug\cs256.tlog\metagen.write.1.tlog
c:\users\timadeus\documents\visual studio 2013\projects\cs256\cs256\debug\cs256.vcxproj.generateresource.cache
c:\users\timadeus\documents\visual studio 2013\projects\cs256\cs256\debug\cs256.vcxprojresolveassemblyreference.cache
c:\users\timadeus\documents\visual studio 2013\projects\cs256\debug\cs256.pdb
c:\users\timadeus\documents\visual studio 2013\projects\cs256\cs256\debug\cs256.tlog\cl.command.1.tlog
c:\users\timadeus\documents\visual studio 2013\projects\cs256\cs256\debug\cs256.tlog\cl.write.1.tlog
c:\users\timadeus\documents\visual studio 2013\projects\cs256\cs256\debug\cs256.tlog\cs256.write.1u.tlog
c:\users\timadeus\documents\visual studio 2013\projects\cs256\cs256\debug\cs256.tlog\link.6528-cvtres.read.1.tlog
c:\users\timadeus\documents\visual studio 2013\projects\cs256\cs256\debug\cs256.tlog\link.6528-cvtres.write.1.tlog
c:\users\timadeus\documents\visual studio 2013\projects\cs256\cs256\debug\cs256.tlog\link.6528-rc.read.1.tlog
c:\users\timadeus\documents\visual studio 2013\projects\cs256\cs256\debug\cs256.tlog\link.6528-rc.write.1.tlog
c:\users\timadeus\documents\visual studio 2013\projects\cs256\cs256\debug\cs256.tlog\link.6528.read.1.tlog
c:\users\timadeus\documents\visual studio 2013\projects\cs256\cs256\debug\cs256.tlog\link.6528.write.1.tlog
c:\users\timadeus\documents\visual studio 2013\projects\cs256\cs256\debug\cs256.tlog\link.command.1.tlog
c:\users\timadeus\documents\visual studio 2013\projects\cs256\cs256\debug\cs256.tlog\link.read.1.tlog
c:\users\timadeus\documents\visual studio 2013\projects\cs256\cs256\debug\cs256.tlog\link.write.1.tlog
c:\users\timadeus\documents\visual studio 2013\projects\cs256\cs256\debug\cs256.tlog\metagen.read.1.tlog
c:\users\timadeus\documents\visual studio 2013\projects\cs256\cs256\debug\cs256.tlog\mysql.data.dll.metagen
c:\users\timadeus\documents\visual studio 2013\projects\cs256\cs256\debug\cs256.tlog\tzres.dll.bi
